  Header.cpp
C:\Users\proek\OneDrive\Документы\Муравьи\Anthill\Anthill\Header.h(10,19): error C2061: синтаксическая ошибка: идентификатор "Ant"
C:\Users\proek\OneDrive\Документы\Муравьи\Anthill\Anthill\Header.h(57,15): error C3668: Nanny::Eat: метод со спецификатором переопределения "override" не переопределяет какие-либо методы базового класса
C:\Users\proek\OneDrive\Документы\Муравьи\Anthill\Anthill\Header.h(67,15): error C3668: Child::Eat: метод со спецификатором переопределения "override" не переопределяет какие-либо методы базового класса
C:\Users\proek\OneDrive\Документы\Муравьи\Anthill\Anthill\Header.h(79,15): error C3668: Queen::Eat: метод со спецификатором переопределения "override" не переопределяет какие-либо методы базового класса
C:\Users\proek\OneDrive\Документы\Муравьи\Anthill\Anthill\Header.h(89,15): error C3668: Builder::Eat: метод со спецификатором переопределения "override" не переопределяет какие-либо методы базового класса
C:\Users\proek\OneDrive\Документы\Муравьи\Anthill\Anthill\Header.h(99,15): error C3668: Cleaner::Eat: метод со спецификатором переопределения "override" не переопределяет какие-либо методы базового класса
C:\Users\proek\OneDrive\Документы\Муравьи\Anthill\Anthill\Header.h(111,15): error C3668: Soldier::Eat: метод со спецификатором переопределения "override" не переопределяет какие-либо методы базового класса
C:\Users\proek\OneDrive\Документы\Муравьи\Anthill\Anthill\Header.h(121,15): error C3668: Heardsant::Eat: метод со спецификатором переопределения "override" не переопределяет какие-либо методы базового класса
C:\Users\proek\OneDrive\Документы\Муравьи\Anthill\Anthill\Header.h(131,15): error C3668: Collector::Eat: метод со спецификатором переопределения "override" не переопределяет какие-либо методы базового класса
C:\Users\proek\OneDrive\Документы\Муравьи\Anthill\Anthill\Header.cpp(120,24): error C2660: Role::Eat: функция не принимает 2 аргументов
C:\Users\proek\OneDrive\Документы\Муравьи\Anthill\Anthill\Header.h(10,15): message : см. объявление "Role::Eat"
C:\Users\proek\OneDrive\Документы\Муравьи\Anthill\Anthill\Header.cpp(223,1): error C2084: функция "void Child::Work(void)" уже имеет текст реализации
C:\Users\proek\OneDrive\Документы\Муравьи\Anthill\Anthill\Header.h(63): message : см. предыдущее определение "Work"
C:\Users\proek\OneDrive\Документы\Муравьи\Anthill\Anthill\Header.cpp(242,1): error C2084: функция "void Queen::Work(void)" уже имеет текст реализации
C:\Users\proek\OneDrive\Документы\Муравьи\Anthill\Anthill\Header.h(75): message : см. предыдущее определение "Work"
  Main.cpp
C:\Users\proek\OneDrive\Документы\Муравьи\Anthill\Anthill\Header.h(10,19): error C2061: синтаксическая ошибка: идентификатор "Ant"
C:\Users\proek\OneDrive\Документы\Муравьи\Anthill\Anthill\Header.h(57,15): error C3668: Nanny::Eat: метод со спецификатором переопределения "override" не переопределяет какие-либо методы базового класса
C:\Users\proek\OneDrive\Документы\Муравьи\Anthill\Anthill\Header.h(67,15): error C3668: Child::Eat: метод со спецификатором переопределения "override" не переопределяет какие-либо методы базового класса
C:\Users\proek\OneDrive\Документы\Муравьи\Anthill\Anthill\Header.h(79,15): error C3668: Queen::Eat: метод со спецификатором переопределения "override" не переопределяет какие-либо методы базового класса
C:\Users\proek\OneDrive\Документы\Муравьи\Anthill\Anthill\Header.h(89,15): error C3668: Builder::Eat: метод со спецификатором переопределения "override" не переопределяет какие-либо методы базового класса
C:\Users\proek\OneDrive\Документы\Муравьи\Anthill\Anthill\Header.h(99,15): error C3668: Cleaner::Eat: метод со спецификатором переопределения "override" не переопределяет какие-либо методы базового класса
C:\Users\proek\OneDrive\Документы\Муравьи\Anthill\Anthill\Header.h(111,15): error C3668: Soldier::Eat: метод со спецификатором переопределения "override" не переопределяет какие-либо методы базового класса
C:\Users\proek\OneDrive\Документы\Муравьи\Anthill\Anthill\Header.h(121,15): error C3668: Heardsant::Eat: метод со спецификатором переопределения "override" не переопределяет какие-либо методы базового класса
C:\Users\proek\OneDrive\Документы\Муравьи\Anthill\Anthill\Header.h(131,15): error C3668: Collector::Eat: метод со спецификатором переопределения "override" не переопределяет какие-либо методы базового класса
  Создание кода...
